[2024-05-05 02:56:17] local.INFO: New user registered. {"email":"gierdiaz@hotmail.com"} 
[2024-05-05 02:56:58] local.ERROR: Failed to register user. {"error":"SQLSTATE[23505]: Unique violation: 7 ERRO:  duplicar valor da chave viola a restrição de unicidade \"users_email_unique\"
DETAIL:  Chave (email)=(gierdiaz@hotmail.com) já existe. (Connection: pgsql, SQL: insert into \"users\" (\"name\", \"email\", \"language\", \"password\", \"id\", \"updated_at\", \"created_at\") values (Allison, gierdiaz@hotmail.com, en, $2y$12$qFXy1LLO4ryMClwsHXHCnOrhcp0Znrkl69ieLXHFEmfNTlzEUKdHu, 9bf79c51-756b-49b3-b8b7-71fcb07779d6, 2024-05-05 02:56:58, 2024-05-05 02:56:58))"} 
[2024-05-05 02:57:08] local.INFO: New user registered. {"email":"gierdiaz@hotmail.com"} 
[2024-05-05 02:58:11] testing.INFO: New user registered. {"email":"gierdiaz@hotmail.com"} 
[2024-05-05 02:58:11] testing.ERROR: Failed to register user. {"error":"Invalid language format"} 
[2024-05-05 02:59:55] testing.INFO: New user registered. {"email":"gierdiaz@hotmail.com"} 
[2024-05-05 03:01:43] testing.INFO: New user registered. {"email":"gierdiaz@hotmail.com"} 
[2024-05-05 03:02:49] testing.INFO: New user registered. {"email":"gierdiaz@hotmail.com"} 
[2024-05-05 03:06:11] testing.INFO: New user registered. {"email":"gierdiaz@hotmail.com"} 
[2024-05-05 03:06:26] testing.INFO: New user registered. {"email":"gierdiaz@hotmail.com"} 
[2024-05-05 03:09:00] local.INFO: New user registered. {"email":"gierdiaz@hotmail.com"} 
[2024-05-05 03:15:26] testing.INFO: New user registered. {"email":"gierdiaz@hotmail.com"} 
[2024-05-05 03:18:28] testing.INFO: New user registered. {"email":"gierdiaz@hotmail.com"} 
[2024-05-05 03:18:40] testing.INFO: New user registered. {"email":"gierdiaz@hotmail.com"} 
[2024-05-05 15:58:56] testing.INFO: New user registered. {"email":"gierdiaz@hotmail.com"} 
[2024-05-05 16:01:42] testing.INFO: New user registered. {"email":"gierdiaz@hotmail.com"} 
[2024-05-14 19:56:25] local.INFO: New user registered. {"email":"gierdiaz@hotmail.com"} 
[2024-05-14 20:06:03] local.INFO: New user registered. {"email":"gierdiaz@hotmail.com"} 
[2024-05-14 20:07:05] local.INFO: New user registered. {"email":"gierdiaz@hotmail.com"} 
[2024-05-14 20:12:33] local.INFO: New user registered. {"email":"gierdiaz@hotmail.com"} 
[2024-05-14 20:20:54] local.INFO: New user registered. {"email":"gierdiaz@hotmail.com"} 
[2024-05-14 20:25:04] local.INFO: New user registered. {"email":"gierdiaz@hotmail.com"} 
[2024-05-15 11:40:10] local.INFO: New user registered. {"email":"gierdiaz@hotmail.com"} 
