[2024-04-14 20:57:43] local.INFO: Failed to update customer: No query results for model [App\Models\Customer] 9bceddcc-2ab8-40fe-9bce-f8f224568b2b  
[2024-04-14 21:00:44] local.INFO: Customer updated successfully {"customer_id":"9bcedea2-3aaa-4b8a-84b1-d9ea37e2b213"} 
[2024-05-03 15:50:43] testing.INFO: Customer created successfully {"customer_id":"9bf4ab10-7de4-4d1f-9de8-03fc3c66673f"} 
[2024-05-03 15:50:43] testing.INFO: Customer updated successfully {"customer_id":"9bf4ab10-cb90-4f8a-949c-4be073e21f86"} 
[2024-05-03 15:50:43] testing.INFO: Customer deleted successfully {"customer_id":"9bf4ab10-f4aa-4f2e-96c4-f6b20d9f5f0b"} 
[2024-05-03 15:51:26] testing.INFO: Customer created successfully {"customer_id":"9bf4ab52-7757-40c6-a80a-489d7047714a"} 
[2024-05-03 15:51:26] testing.INFO: Customer updated successfully {"customer_id":"9bf4ab52-9a18-47e3-ab87-ad24f3584a09"} 
[2024-05-03 15:51:26] testing.INFO: Customer deleted successfully {"customer_id":"9bf4ab52-c1ef-434f-869c-a960c6f3f5ae"} 
[2024-05-04 22:55:19] testing.INFO: Customer created successfully {"customer_id":"9bf745e6-da51-4440-ba39-b50235420b2c"} 
[2024-05-04 22:55:20] testing.INFO: Customer updated successfully {"customer_id":"9bf745e7-1306-4563-9a90-cadd16ff4dc4"} 
[2024-05-04 22:55:20] testing.INFO: Customer deleted successfully {"customer_id":"9bf745e7-53c4-49ef-8edb-42c382078798"} 
[2024-05-04 23:16:19] testing.INFO: Customer created successfully {"customer_id":"9bf74d69-00cf-4ff6-9dd2-1b73ba34dfa5"} 
[2024-05-04 23:16:19] testing.INFO: Customer updated successfully {"customer_id":"9bf74d69-234a-4611-a464-c197f23bcfb6"} 
[2024-05-04 23:16:19] testing.INFO: Customer deleted successfully {"customer_id":"9bf74d69-4e47-4a07-872f-b35ee3ae887f"} 
[2024-05-04 23:16:44] testing.INFO: Customer created successfully {"customer_id":"9bf74d8f-38ae-4eec-9dd1-a1bd8837ee22"} 
[2024-05-04 23:16:44] testing.INFO: Customer updated successfully {"customer_id":"9bf74d8f-5ac5-4896-a033-90f35e1f4925"} 
[2024-05-04 23:16:44] testing.INFO: Customer deleted successfully {"customer_id":"9bf74d8f-839e-4a49-aae4-664e9b6c790e"} 
[2024-05-04 23:17:20] testing.INFO: Customer created successfully {"customer_id":"9bf74dc5-e492-4818-aec0-3c77e0cd9e3b"} 
[2024-05-04 23:17:20] testing.INFO: Customer updated successfully {"customer_id":"9bf74dc6-05bf-4ff5-988e-35ee4b2b5b2f"} 
[2024-05-04 23:17:20] testing.INFO: Customer deleted successfully {"customer_id":"9bf74dc6-5b26-4fe3-859a-1eb42ebd49ef"} 
[2024-05-04 23:20:35] testing.INFO: Customer created successfully {"customer_id":"9bf74eef-4aff-46d4-82fd-32ace5b1a997"} 
[2024-05-04 23:20:35] testing.INFO: Customer updated successfully {"customer_id":"9bf74eef-6c0e-4f51-8f37-5735f53ae208"} 
[2024-05-04 23:20:35] testing.INFO: Customer deleted successfully {"customer_id":"9bf74eef-96df-4ae9-9af5-3c8cd1a67922"} 
[2024-05-04 23:22:50] testing.INFO: Customer created successfully {"customer_id":"9bf74fbd-57c9-43bb-8863-38f83cba8dd2"} 
[2024-05-04 23:22:50] testing.INFO: Customer updated successfully {"customer_id":"9bf74fbd-a1a9-44ff-bc46-706f14d6c252"} 
[2024-05-04 23:22:50] testing.INFO: Customer deleted successfully {"customer_id":"9bf74fbd-cac5-46be-9268-3da678ad1ab6"} 
[2024-05-04 23:23:45] testing.INFO: Customer created successfully {"customer_id":"9bf75011-b9e9-46d5-882e-195f75f1eb14"} 
[2024-05-04 23:23:45] testing.INFO: Customer updated successfully {"customer_id":"9bf75012-0c6d-4fad-ab7e-b1954bda56c1"} 
[2024-05-04 23:23:45] testing.INFO: Customer deleted successfully {"customer_id":"9bf75012-3651-4430-bd84-f0f8b5183d3e"} 
[2024-05-04 23:24:28] testing.INFO: Customer created successfully {"customer_id":"9bf75052-d759-4634-8a38-ff20ae0df481"} 
[2024-05-04 23:24:28] testing.INFO: Customer updated successfully {"customer_id":"9bf75052-fc2e-42d6-9888-99d82a6af1af"} 
[2024-05-04 23:24:28] testing.INFO: Customer deleted successfully {"customer_id":"9bf75053-2967-40a9-bbc5-d712b4d72044"} 
[2024-05-05 02:06:20] testing.INFO: Customer created successfully {"customer_id":"9bf78a36-1ed9-45fa-9122-a383492385ab"} 
[2024-05-05 02:14:22] testing.INFO: Customer created successfully {"customer_id":"9bf78d15-5f33-4d8a-937d-1d43bda5c64a"} 
[2024-05-05 02:15:57] testing.INFO: Customer created successfully {"customer_id":"9bf78da7-2770-4655-b9bd-161e408b36a1"} 
[2024-05-05 02:31:23] testing.INFO: Customer created successfully {"customer_id":"9bf7932b-d145-4550-8e75-c61af77987c0"} 
[2024-05-05 02:33:09] testing.INFO: Customer created successfully {"customer_id":"9bf793cc-d819-4093-8409-7256880184c4"} 
[2024-05-05 02:35:52] testing.INFO: Customer created successfully {"customer_id":"9bf794c5-dfa1-424e-84b0-897588a5dc74"} 
[2024-05-05 02:58:11] testing.INFO: Customer created successfully {"customer_id":"9bf79cc1-f87c-4ec2-81d4-2f160e170cd5"} 
[2024-05-05 02:59:56] testing.INFO: Customer created successfully {"customer_id":"9bf79d61-f4b3-4994-a157-e23993e08512"} 
[2024-05-05 03:01:44] testing.INFO: Customer created successfully {"customer_id":"9bf79e05-e2ce-40d4-99a2-a22e7a85c36d"} 
[2024-05-05 03:02:50] testing.INFO: Customer created successfully {"customer_id":"9bf79e6a-b27d-4ab4-afe2-791c508bdd9c"} 
[2024-05-05 03:06:27] testing.INFO: Customer created successfully {"customer_id":"9bf79fb6-6b09-4588-b65d-b228abf212e6"} 
[2024-05-05 03:15:20] local.INFO: Customer created successfully {"customer_id":"9bf7a2e2-f181-49f0-8bda-d1ff1ef0802e"} 
[2024-05-05 03:15:27] testing.INFO: Customer created successfully {"customer_id":"9bf7a2ee-c229-41a4-9b47-4a9038593dec"} 
[2024-05-05 03:18:29] testing.INFO: Customer created successfully {"customer_id":"9bf7a403-95a8-42e7-b650-982d95e443d1"} 
[2024-05-05 03:18:29] testing.INFO: Customer updated successfully {"customer_id":"9bf7a403-b711-4707-949e-5e2e902d1f2c"} 
[2024-05-05 03:18:29] testing.INFO: Customer deleted successfully {"customer_id":"9bf7a403-e070-4471-a201-e0d7b50f525e"} 
[2024-05-05 03:18:41] testing.INFO: Customer created successfully {"customer_id":"9bf7a415-ddbc-4ee9-9af4-141e9a430774"} 
[2024-05-05 03:18:41] testing.INFO: Customer updated successfully {"customer_id":"9bf7a416-0193-4b5e-ad9a-3c5eaa97dd76"} 
[2024-05-05 03:18:41] testing.INFO: Customer deleted successfully {"customer_id":"9bf7a416-2c50-4e93-98e2-98fd8e8c5b10"} 
[2024-05-05 15:58:58] testing.INFO: Customer created successfully {"customer_id":"9bf8b3fc-87dd-4cf4-a57d-f83a190d2175"} 
[2024-05-05 15:58:58] testing.INFO: Customer updated successfully {"customer_id":"9bf8b3fc-ac74-4d12-8f4c-26c614ec7298"} 
[2024-05-05 15:58:58] testing.INFO: Customer deleted successfully {"customer_id":"9bf8b3fc-de8b-4a69-a9d1-9f7d230b5161"} 
[2024-05-05 16:01:43] testing.INFO: Customer created successfully {"customer_id":"9bf8b4f8-62f7-48eb-8da2-1083f69ab1d3"} 
[2024-05-05 16:01:43] testing.INFO: Customer updated successfully {"customer_id":"9bf8b4f8-84fe-4f38-b1ff-acd68931a82b"} 
[2024-05-05 16:01:43] testing.INFO: Customer deleted successfully {"customer_id":"9bf8b4f8-aedd-416f-81fd-e05ce654513a"} 
